TN:
SF:src\middlewares\authenticate.ts
FN:7,(anonymous_0)
FNF:1
FNH:1
FNDA:40,(anonymous_0)
DA:7,2
DA:12,40
DA:14,40
DA:17,37
DA:18,37
DA:20,1
DA:23,36
DA:25,36
DA:27,36
DA:29,36
DA:31,36
LF:11
LH:11
BRDA:14,0,0,3
BRDA:14,0,1,37
BRDA:23,1,0,0
BRDA:23,1,1,36
BRDA:27,2,0,0
BRDA:27,2,1,36
BRF:6
BRH:4
end_of_record
TN:
SF:src\middlewares\errorHandler.ts
FN:5,(anonymous_0)
FNF:1
FNH:1
FNDA:18,(anonymous_0)
DA:5,2
DA:11,18
DA:12,18
DA:19,18
DA:20,4
DA:21,14
DA:22,14
DA:24,0
DA:27,18
DA:32,18
DA:35,0
DA:36,0
LF:12
LH:9
BRDA:11,0,0,18
BRDA:11,0,1,0
BRDA:11,1,0,18
BRDA:11,1,1,18
BRDA:19,2,0,4
BRDA:19,2,1,14
BRDA:21,3,0,14
BRDA:21,3,1,0
BRDA:21,4,0,14
BRDA:21,4,1,14
BRF:10
BRH:8
end_of_record
TN:
SF:src\middlewares\requestLogger.ts
FN:4,(anonymous_0)
FN:7,(anonymous_1)
FNF:2
FNH:2
FNDA:71,(anonymous_0)
FNDA:71,(anonymous_1)
DA:4,2
DA:5,71
DA:7,71
DA:8,71
DA:9,71
DA:20,71
LF:6
LH:6
BRF:0
BRH:0
end_of_record
TN:
SF:src\middlewares\upload.ts
FN:10,(anonymous_0)
FN:31,(anonymous_1)
FN:32,(anonymous_2)
FN:34,(anonymous_3)
FNF:4
FNH:4
FNDA:20,(anonymous_0)
FNDA:2,(anonymous_1)
FNDA:20,(anonymous_2)
FNDA:20,(anonymous_3)
DA:6,2
DA:8,2
DA:10,2
DA:11,20
DA:12,19
DA:14,1
DA:21,2
DA:25,2
DA:31,2
DA:32,2
DA:34,20
DA:35,20
DA:36,1
DA:37,1
DA:39,19
LF:15
LH:15
BRDA:11,0,0,19
BRDA:11,0,1,1
BRDA:35,1,0,1
BRDA:35,1,1,19
BRDA:36,2,0,1
BRDA:36,2,1,0
BRF:6
BRH:5
end_of_record
TN:
SF:src\middlewares\validate.ts
FN:11,(anonymous_0)
FN:12,(anonymous_1)
FN:18,(anonymous_2)
FN:19,(anonymous_3)
FNF:4
FNH:4
FNDA:6,(anonymous_0)
FNDA:8,(anonymous_1)
FNDA:21,(anonymous_2)
FNDA:72,(anonymous_3)
DA:11,3
DA:12,8
DA:18,3
DA:19,21
DA:21,72
DA:22,72
DA:24,72
DA:25,57
DA:26,57
DA:28,5
DA:29,4
DA:33,1
DA:37,67
DA:38,12
DA:39,12
DA:41,1
DA:42,1
DA:46,0
DA:50,66
DA:51,6
DA:54,6
DA:61,1
DA:62,1
DA:66,0
DA:70,65
DA:72,0
LF:26
LH:23
BRDA:24,0,0,57
BRDA:24,0,1,15
BRDA:28,1,0,4
BRDA:28,1,1,1
BRDA:37,2,0,12
BRDA:37,2,1,55
BRDA:41,3,0,1
BRDA:41,3,1,0
BRDA:50,4,0,6
BRDA:50,4,1,60
BRDA:61,5,0,1
BRDA:61,5,1,0
BRF:12
BRH:10
end_of_record
TN:
SF:src\services\authService.ts
FN:8,(anonymous_0)
FN:31,(anonymous_1)
FN:53,(anonymous_2)
FNF:3
FNH:3
FNDA:27,(anonymous_0)
FNDA:3,(anonymous_1)
FNDA:1,(anonymous_2)
DA:8,2
DA:9,27
DA:11,27
DA:13,26
DA:18,26
DA:22,26
DA:31,2
DA:32,3
DA:34,3
DA:36,2
DA:38,2
DA:40,1
DA:44,1
DA:53,2
DA:54,1
DA:56,1
DA:58,1
LF:17
LH:17
BRDA:11,0,0,1
BRDA:11,0,1,26
BRDA:34,1,0,1
BRDA:34,1,1,2
BRDA:38,2,0,1
BRDA:38,2,1,1
BRDA:56,3,0,0
BRDA:56,3,1,1
BRF:8
BRH:7
end_of_record
TN:
SF:src\services\mediaService.ts
FN:16,(anonymous_0)
FN:20,(anonymous_1)
FN:21,(anonymous_2)
FN:30,(anonymous_3)
FN:75,(anonymous_4)
FN:120,(anonymous_5)
FN:130,(anonymous_6)
FN:150,(anonymous_7)
FNF:8
FNH:8
FNDA:18,(anonymous_0)
FNDA:18,(anonymous_1)
FNDA:18,(anonymous_2)
FNDA:18,(anonymous_3)
FNDA:13,(anonymous_4)
FNDA:4,(anonymous_5)
FNDA:3,(anonymous_6)
FNDA:3,(anonymous_7)
DA:14,3
DA:16,3
DA:20,18
DA:21,18
DA:22,18
DA:23,18
DA:24,18
DA:26,18
DA:30,3
DA:40,18
DA:42,18
DA:47,18
DA:57,18
DA:59,18
DA:61,18
DA:72,18
DA:75,3
DA:93,13
DA:94,13
DA:95,13
DA:96,13
DA:97,13
DA:98,13
DA:100,13
DA:107,13
DA:109,13
DA:120,3
DA:121,4
DA:123,4
DA:125,2
DA:127,1
DA:130,3
DA:131,3
DA:133,3
DA:135,2
DA:137,1
DA:138,1
DA:142,0
DA:145,1
DA:147,1
DA:150,3
DA:155,3
DA:157,3
DA:159,2
DA:161,1
DA:163,1
DA:165,1
LF:47
LH:46
BRDA:22,0,0,0
BRDA:22,0,1,18
BRDA:23,1,0,0
BRDA:23,1,1,18
BRDA:57,2,0,0
BRDA:57,2,1,18
BRDA:94,3,0,2
BRDA:94,3,1,11
BRDA:95,4,0,1
BRDA:95,4,1,12
BRDA:96,5,0,2
BRDA:96,5,1,11
BRDA:97,6,0,5
BRDA:97,6,1,8
BRDA:98,7,0,5
BRDA:98,7,1,8
BRDA:123,8,0,2
BRDA:123,8,1,2
BRDA:125,9,0,1
BRDA:125,9,1,1
BRDA:133,10,0,1
BRDA:133,10,1,2
BRDA:135,11,0,1
BRDA:135,11,1,1
BRDA:157,12,0,1
BRDA:157,12,1,2
BRDA:159,13,0,1
BRDA:159,13,1,1
BRDA:163,14,0,0
BRDA:163,14,1,1
BRF:30
BRH:26
end_of_record
